[13:08:15] [Client thread/INFO]: Setting user: Player855
[13:08:18] [Client thread/INFO]: LWJGL Version: 2.9.2
[13:08:25] [Client thread/INFO]: Reloading ResourceManager: Default, FMLFileResourcePack:Forge Mod Loader, FMLFileResourcePack:Minecraft Forge, FMLFileResourcePack:Kingdom of Knights
[13:08:26] [Sound Library Loader/INFO]: Starting up SoundSystem...
[13:08:26] [Thread-8/INFO]: Initializing LWJGL OpenAL
[13:08:26] [Thread-8/INFO]: (The LWJGL binding of OpenAL.  For more information, see http://www.lwjgl.org)
[13:08:26] [Thread-8/INFO]: OpenAL initialized.
[13:08:26] [Sound Library Loader/INFO]: Sound engine started
[13:08:29] [Client thread/INFO]: Created: 512x512 textures-atlas
[13:08:31] [Client thread/INFO]: Reloading ResourceManager: Default, FMLFileResourcePack:Forge Mod Loader, FMLFileResourcePack:Minecraft Forge, FMLFileResourcePack:Kingdom of Knights
[13:08:31] [Client thread/INFO]: SoundSystem shutting down...
[13:08:31] [Client thread/WARN]: Author: Paul Lamb, www.paulscode.com
[13:08:31] [Sound Library Loader/INFO]: Starting up SoundSystem...
[13:08:31] [Thread-10/INFO]: Initializing LWJGL OpenAL
[13:08:31] [Thread-10/INFO]: (The LWJGL binding of OpenAL.  For more information, see http://www.lwjgl.org)
[13:08:31] [Thread-10/INFO]: OpenAL initialized.
[13:08:31] [Sound Library Loader/INFO]: Sound engine started
[13:08:33] [Client thread/INFO]: Created: 512x512 textures-atlas
[13:13:43] [Server thread/INFO]: Starting integrated minecraft server version 1.8
[13:13:43] [Server thread/INFO]: Generating keypair
[13:13:44] [Server thread/INFO]: Preparing start region for level 0
[13:13:45] [Server thread/INFO]: Preparing spawn area: 80%
[13:13:46] [Server thread/INFO]: Changing view distance to 12, from 10
[13:13:47] [Server thread/INFO]: Player855[local:E:d5465fb3] logged in with entity id 312 at (-391.48322281643226, 68.0, 54.8173208093175)
[13:13:47] [Server thread/INFO]: Player855 joined the game
[13:13:52] [Server thread/INFO]: Saving and pausing game...
[13:13:52] [Server thread/INFO]: Saving chunks for level 'New World'/Overworld
[13:13:52] [Server thread/INFO]: Saving chunks for level 'New World'/Nether
[13:13:52] [Server thread/INFO]: Saving chunks for level 'New World'/The End
[13:13:53] [Server thread/INFO]: Stopping server
[13:13:53] [Server thread/INFO]: Saving players
[13:13:53] [Server thread/INFO]: Saving worlds
[13:13:53] [Server thread/INFO]: Saving chunks for level 'New World'/Overworld
[13:13:53] [Server thread/INFO]: Saving chunks for level 'New World'/Nether
[13:13:53] [Server thread/INFO]: Saving chunks for level 'New World'/The End
[13:13:54] [Client thread/WARN]: Unable to start LAN server detection: Can't assign requested address
[13:14:01] [Server thread/INFO]: Starting integrated minecraft server version 1.8
[13:14:01] [Server thread/INFO]: Generating keypair
[13:14:01] [Server thread/INFO]: Converting map!
[13:14:01] [Server thread/INFO]: Scanning folders...
[13:14:01] [Server thread/INFO]: Total conversion count is 0
[13:14:01] [Server thread/INFO]: Preparing start region for level 0
[13:14:02] [Server thread/INFO]: Preparing spawn area: 5%
[13:14:03] [Server thread/INFO]: Preparing spawn area: 8%
[13:14:04] [Server thread/INFO]: Preparing spawn area: 14%
[13:14:05] [Server thread/INFO]: Preparing spawn area: 22%
[13:14:06] [Server thread/INFO]: Preparing spawn area: 31%
[13:14:07] [Server thread/INFO]: Preparing spawn area: 38%
[13:14:08] [Server thread/INFO]: Preparing spawn area: 48%
[13:14:09] [Server thread/INFO]: Preparing spawn area: 58%
[13:14:10] [Server thread/INFO]: Preparing spawn area: 69%
[13:14:11] [Server thread/INFO]: Preparing spawn area: 81%
[13:14:12] [Server thread/INFO]: Preparing spawn area: 90%
[13:14:13] [Server thread/INFO]: Changing view distance to 12, from 10
[13:14:13] [Server thread/INFO]: Player855[local:E:afdf7559] logged in with entity id 580 at (49.5, 70.0, 178.5)
[13:14:13] [Server thread/INFO]: Player855 joined the game
[13:14:14] [pool-2-thread-1/WARN]: Couldn't look up profile properties for com.mojang.authlib.GameProfile@38f64eef[id=38ee4029-e397-3902-8d79-d6c4d51a8fef,name=Player855,properties={},legacy=false]
com.mojang.authlib.exceptions.AuthenticationException: The client has sent too many requests within a certain amount of time
	at com.mojang.authlib.yggdrasil.YggdrasilAuthenticationService.makeRequest(YggdrasilAuthenticationService.java:65) ~[YggdrasilAuthenticationService.class:?]
	at com.mojang.authlib.yggdrasil.YggdrasilMinecraftSessionService.fillGameProfile(YggdrasilMinecraftSessionService.java:158) [YggdrasilMinecraftSessionService.class:?]
	at com.mojang.authlib.yggdrasil.YggdrasilMinecraftSessionService$1.load(YggdrasilMinecraftSessionService.java:53) [YggdrasilMinecraftSessionService$1.class:?]
	at com.mojang.authlib.yggdrasil.YggdrasilMinecraftSessionService$1.load(YggdrasilMinecraftSessionService.java:50) [YggdrasilMinecraftSessionService$1.class:?]
	at com.google.common.cache.LocalCache$LoadingValueReference.loadFuture(LocalCache.java:3524) [guava-17.0.jar:?]
	at com.google.common.cache.LocalCache$Segment.loadSync(LocalCache.java:2317) [guava-17.0.jar:?]
	at com.google.common.cache.LocalCache$Segment.lockedGetOrLoad(LocalCache.java:2280) [guava-17.0.jar:?]
	at com.google.common.cache.LocalCache$Segment.get(LocalCache.java:2195) [guava-17.0.jar:?]
	at com.google.common.cache.LocalCache.get(LocalCache.java:3934) [guava-17.0.jar:?]
	at com.google.common.cache.LocalCache.getOrLoad(LocalCache.java:3938) [guava-17.0.jar:?]
	at com.google.common.cache.LocalCache$LocalLoadingCache.get(LocalCache.java:4821) [guava-17.0.jar:?]
	at com.google.common.cache.LocalCache$LocalLoadingCache.getUnchecked(LocalCache.java:4827) [guava-17.0.jar:?]
	at com.mojang.authlib.yggdrasil.YggdrasilMinecraftSessionService.fillProfileProperties(YggdrasilMinecraftSessionService.java:148) [YggdrasilMinecraftSessionService.class:?]
	at net.minecraft.client.resources.SkinManager$3.run(SkinManager.java:138) [SkinManager$3.class:?]
	at java.util.concurrent.Executors$RunnableAdapter.call(Executors.java:511) [?:1.8.0_45]
	at java.util.concurrent.FutureTask.run(FutureTask.java:266) [?:1.8.0_45]
	at java.util.concurrent.ThreadPoolExecutor.runWorker(ThreadPoolExecutor.java:1142) [?:1.8.0_45]
	at java.util.concurrent.ThreadPoolExecutor$Worker.run(ThreadPoolExecutor.java:617) [?:1.8.0_45]
	at java.lang.Thread.run(Thread.java:745) [?:1.8.0_45]
[13:14:16] [Server thread/WARN]: Can't keep up! Did the system time change, or is the server overloaded? Running 2968ms behind, skipping 59 tick(s)
[13:15:39] [Client thread/INFO]: [CHAT] kingdom:admin_wand, kingdom:adminblock, kingdom:boundlogs
[13:15:39] [Client thread/INFO]: [CHAT] kingdom:admin_wand, kingdom:adminblock, kingdom:boundlogs
[13:15:39] [Client thread/INFO]: [CHAT] kingdom:admin_wand, kingdom:adminblock, kingdom:boundlogs
[13:15:40] [Server thread/INFO]: [Player855: Given [Bound Logs] * 1 to Player855]
[13:15:40] [Client thread/INFO]: [CHAT] Given [Bound Logs] * 1 to Player855
[13:15:42] [Server thread/INFO]: Saving and pausing game...
[13:15:42] [Server thread/INFO]: Saving chunks for level 'New World'/Overworld
[13:15:43] [Server thread/INFO]: Saving chunks for level 'New World'/Nether
[13:15:43] [Server thread/INFO]: Saving chunks for level 'New World'/The End
[13:15:44] [Server thread/INFO]: Stopping server
[13:15:44] [Server thread/INFO]: Saving players
[13:15:44] [Server thread/INFO]: Saving worlds
[13:15:44] [Server thread/INFO]: Saving chunks for level 'New World'/Overworld
[13:15:44] [Server thread/INFO]: Saving chunks for level 'New World'/Nether
[13:15:44] [Server thread/INFO]: Saving chunks for level 'New World'/The End
[13:15:46] [Client thread/INFO]: Stopping!
[13:15:46] [Client thread/INFO]: SoundSystem shutting down...
[13:15:46] [Client thread/WARN]: Author: Paul Lamb, www.paulscode.com
